<?xml version="1.0" encoding="UTF-8"?>
<robot generator="Robot 3.2.1 (Python 3.7.3 on darwin)" generated="20211017 22:18:00.180" rpa="false">
<suite id="s1" name="Suites" source="/Users/ariotrigunadimas/Documents/automation_local/tebe/suitestest/suites.robot">
<test id="s1-t1" name="flow login">
<kw name="open saucedemo" library="login">
<kw name="open the Browser saucedemo" library="login_page">
<kw name="Open Browser" library="SeleniumLibrary">
<doc>Opens a new browser instance to the optional ``url``.</doc>
<arguments>
<arg>${url}</arg>
<arg>chrome</arg>
</arguments>
<msg timestamp="20211017 22:18:00.365" level="INFO">Opening browser 'chrome' to base url 'https://www.saucedemo.com/'.</msg>
<status status="PASS" starttime="20211017 22:18:00.365" endtime="20211017 22:18:02.731"></status>
</kw>
<status status="PASS" starttime="20211017 22:18:00.365" endtime="20211017 22:18:02.731"></status>
</kw>
<status status="PASS" starttime="20211017 22:18:00.364" endtime="20211017 22:18:02.731"></status>
</kw>
<kw name="input login using invalid data" library="login">
<arguments>
<arg>${invalid_username}</arg>
<arg>${invalid_pass}</arg>
</arguments>
<kw name="invalid data" library="login_page">
<arguments>
<arg>${user1}</arg>
<arg>${pass1}</arg>
</arguments>
<kw name="Wait Until Element Is Visible" library="SeleniumLibrary">
<doc>Waits until the element ``locator`` is visible.</doc>
<arguments>
<arg>${username}</arg>
<arg>10s</arg>
</arguments>
<status status="PASS" starttime="20211017 22:18:02.733" endtime="20211017 22:18:02.756"></status>
</kw>
<kw name="Input Text" library="SeleniumLibrary">
<doc>Types the given ``text`` into the text field identified by ``locator``.</doc>
<arguments>
<arg>${username}</arg>
<arg>${user}</arg>
</arguments>
<msg timestamp="20211017 22:18:02.757" level="INFO">Typing text 'testing' into text field 'id:user-name'.</msg>
<status status="PASS" starttime="20211017 22:18:02.757" endtime="20211017 22:18:02.898"></status>
</kw>
<kw name="Input Text" library="SeleniumLibrary">
<doc>Types the given ``text`` into the text field identified by ``locator``.</doc>
<arguments>
<arg>${pass}</arg>
<arg>${passs}</arg>
</arguments>
<msg timestamp="20211017 22:18:02.899" level="INFO">Typing text '123455' into text field 'id:password'.</msg>
<status status="PASS" starttime="20211017 22:18:02.898" endtime="20211017 22:18:02.963"></status>
</kw>
<kw name="Click Element" library="SeleniumLibrary">
<doc>Click the element identified by ``locator``.</doc>
<arguments>
<arg>${btn_login}</arg>
</arguments>
<msg timestamp="20211017 22:18:02.963" level="INFO">Clicking element 'id:login-button'.</msg>
<status status="PASS" starttime="20211017 22:18:02.963" endtime="20211017 22:18:03.007"></status>
</kw>
<status status="PASS" starttime="20211017 22:18:02.732" endtime="20211017 22:18:03.007"></status>
</kw>
<status status="PASS" starttime="20211017 22:18:02.732" endtime="20211017 22:18:03.008"></status>
</kw>
<kw name="input login using valid data" library="login">
<arguments>
<arg>${valid_username}</arg>
<arg>${valid_pass}</arg>
</arguments>
<kw name="valid data" library="login_page">
<arguments>
<arg>${user1}</arg>
<arg>${pass1}</arg>
</arguments>
<kw name="Clear Element Text" library="SeleniumLibrary">
<doc>Clears the value of the text-input-element identified by ``locator``.</doc>
<arguments>
<arg>${username}</arg>
</arguments>
<status status="PASS" starttime="20211017 22:18:03.009" endtime="20211017 22:18:03.045"></status>
</kw>
<kw name="Clear Element Text" library="SeleniumLibrary">
<doc>Clears the value of the text-input-element identified by ``locator``.</doc>
<arguments>
<arg>${pass}</arg>
</arguments>
<status status="PASS" starttime="20211017 22:18:03.045" endtime="20211017 22:18:03.065"></status>
</kw>
<kw name="Input Text" library="SeleniumLibrary">
<doc>Types the given ``text`` into the text field identified by ``locator``.</doc>
<arguments>
<arg>${username}</arg>
<arg>${user1}</arg>
</arguments>
<msg timestamp="20211017 22:18:03.065" level="INFO">Typing text 'standard_user' into text field 'id:user-name'.</msg>
<status status="PASS" starttime="20211017 22:18:03.065" endtime="20211017 22:18:03.135"></status>
</kw>
<kw name="Input Text" library="SeleniumLibrary">
<doc>Types the given ``text`` into the text field identified by ``locator``.</doc>
<arguments>
<arg>${pass}</arg>
<arg>${pass1}</arg>
</arguments>
<msg timestamp="20211017 22:18:03.136" level="INFO">Typing text 'secret_sauce' into text field 'id:password'.</msg>
<status status="PASS" starttime="20211017 22:18:03.136" endtime="20211017 22:18:03.205"></status>
</kw>
<kw name="Click Element" library="SeleniumLibrary">
<doc>Click the element identified by ``locator``.</doc>
<arguments>
<arg>${btn_login}</arg>
</arguments>
<msg timestamp="20211017 22:18:03.205" level="INFO">Clicking element 'id:login-button'.</msg>
<status status="PASS" starttime="20211017 22:18:03.205" endtime="20211017 22:18:03.264"></status>
</kw>
<kw name="Element Text Should Be" library="SeleniumLibrary">
<doc>Verifies that element ``locator`` contains exact the text ``expected``.</doc>
<arguments>
<arg>${title}</arg>
<arg>PRODUCTS</arg>
</arguments>
<msg timestamp="20211017 22:18:03.264" level="INFO">Verifying element 'xpath://span[@class='title']' contains exact text 'PRODUCTS'.</msg>
<status status="PASS" starttime="20211017 22:18:03.264" endtime="20211017 22:18:03.286"></status>
</kw>
<status status="PASS" starttime="20211017 22:18:03.008" endtime="20211017 22:18:03.286"></status>
</kw>
<status status="PASS" starttime="20211017 22:18:03.008" endtime="20211017 22:18:03.286"></status>
</kw>
<status status="PASS" starttime="20211017 22:18:00.364" endtime="20211017 22:18:03.287" critical="yes"></status>
</test>
<status status="PASS" starttime="20211017 22:18:00.182" endtime="20211017 22:18:03.288"></status>
</suite>
<statistics>
<total>
<stat pass="1" fail="0">Critical Tests</stat>
<stat pass="1" fail="0">All Tests</stat>
</total>
<tag>
</tag>
<suite>
<stat pass="1" fail="0" id="s1" name="Suites">Suites</stat>
</suite>
</statistics>
<errors>
</errors>
</robot>
